<?xml version="1.0" encoding="UTF-8"?>
<Site BuildName="Win32-MSBuild"
	BuildStamp="20250228-1621-Experimental"
	Name="LEO_PC"
	Generator="ctest-4.0.0-rc2"
	CompilerName="C:/Program Files (x86)/Microsoft Visual Studio/2022/BuildTools/VC/Tools/MSVC/14.43.34808/bin/Hostx64/x64/cl.exe"
	CompilerVersion="19.43.34808.0"
	OSName="Windows"
	Hostname="LEO_PC"
	OSRelease=" Professional"
	OSVersion=" (Build 22631)"
	OSPlatform="AMD64"
	Is64Bits="1"
	VendorString="GenuineIntel"
	VendorID="Intel Corporation"
	FamilyID="6"
	ModelID="10"
	ModelName=""
	ProcessorCacheSize="-1"
	NumberOfLogicalCPU="16"
	NumberOfPhysicalCPU="12"
	TotalVirtualMemory="18995"
	TotalPhysicalMemory="16051"
	LogicalProcessorsPerPhysical="1"
	ProcessorClockFrequency="3110"
	>
	<Testing>
		<StartDateTime>Mar 01 00:30 SE Asia Standard Time</StartDateTime>
		<StartTestTime>1740763842</StartTestTime>
		<TestList/>
		<EndDateTime>Mar 01 00:30 SE Asia Standard Time</EndDateTime>
		<EndTestTime>1740763842</EndTestTime>
		<ElapsedMinutes>0</ElapsedMinutes>
	</Testing>
</Site>
